<?xml version="1.0" encoding="UTF-8"?>
<!-- Generated by org.testng.reporters.JUnitReportReporter -->
<testsuite skipped="0" hostname="ANOOBIS" name="AUTest1" tests="1" failures="0" timestamp="2022-01-26T11:20:32 ICT" time="0.384" errors="0">
  <testcase name="firstTry" time="0.384" classname="AUTest1"/>
  <system-out/>
</testsuite> <!-- AUTest1 -->
