<?xml version="1.0" encoding="UTF-8"?>
<!-- Generated by org.testng.reporters.JUnitReportReporter -->
<testsuite skipped="0" hostname="ANOOBIS" name="TestCase1" tests="1" failures="0" timestamp="2023-02-08T00:02:03 ICT" time="5.042" errors="0">
  <testcase name="firstTry" time="5.042" classname="TestCase1"/>
  <system-out/>
</testsuite> <!-- TestCase1 -->
