<?xml version="1.0" encoding="UTF-8"?>
<!-- Generated by org.testng.reporters.JUnitReportReporter -->
<testsuite hostname="ANOOBIS" failures="0" tests="1" name="TestCase1" time="0.654" errors="0" timestamp="2023-02-08T11:02:56 ICT" skipped="0">
  <testcase classname="TestCase1" name="firstTry" time="0.654"/>
  <system-out/>
</testsuite> <!-- TestCase1 -->
