<?xml version="1.0" encoding="UTF-8"?>
<!-- Generated by org.testng.reporters.JUnitReportReporter -->
<testsuite hostname="ANOOBIS" failures="0" tests="1" name="TestCase1" time="6.395" errors="0" timestamp="2023-02-07T21:00:12 ICT" skipped="0">
  <testcase classname="TestCase1" name="firstTry" time="6.395"/>
  <system-out/>
</testsuite> <!-- TestCase1 -->
